[debug] [2021-12-08T17:09:56.153Z] ----------------------------------------------------------------------
[debug] [2021-12-08T17:09:56.159Z] Command:       C:\Program Files\nodejs\node.exe C:\Users\INUWA\AppData\Roaming\npm\node_modules\firebase-tools\lib\bin\firebase.js emulators:start
[debug] [2021-12-08T17:09:56.160Z] CLI Version:   9.23.0
[debug] [2021-12-08T17:09:56.160Z] Platform:      win32
[debug] [2021-12-08T17:09:56.160Z] Node Version:  v15.8.0
[debug] [2021-12-08T17:09:56.235Z] Time:          Wed Dec 08 2021 18:09:56 GMT+0100 (West Africa Standard Time)
[debug] [2021-12-08T17:09:56.236Z] ----------------------------------------------------------------------
[debug] 
[debug] [2021-12-08T17:09:56.254Z] >>> [apiv2][query] GET https://firebase-public.firebaseio.com/cli.json [none]
[debug] [2021-12-08T17:09:56.617Z] > command requires scopes: ["email","openid","https://www.googleapis.com/auth/cloudplatformprojects.readonly","https://www.googleapis.com/auth/firebase","https://www.googleapis.com/auth/cloud-platform"]
[debug] [2021-12-08T17:09:56.618Z] > authorizing via signed-in user (muhammadjasmum16@gmail.com)
[info] i  emulators: Starting emulators: functions, hosting {"metadata":{"emulator":{"name":"hub"},"message":"Starting emulators: functions, hosting"}}
[warn] !  emulators: It seems that you are running multiple instances of the emulator suite for project clone-46ee7. This may result in unexpected behavior. 
[debug] [2021-12-08T17:09:56.701Z] [hub] writing locator at C:\Users\INUWA\AppData\Local\Temp\hub-clone-46ee7.json
[warn] !  functions: The following emulators are not running, calls to these services from the Functions emulator will affect production: auth, firestore, database, pubsub, storage {"metadata":{"emulator":{"name":"functions"},"message":"The following emulators are not running, calls to these services from the Functions emulator will affect production: \u001b[1mauth, firestore, database, pubsub, storage\u001b[22m"}}
[warn] !  Your requested "node" version "14" doesn't match your global version "15" {"metadata":{"emulator":{"name":"functions"},"message":"Your requested \"node\" version \"14\" doesn't match your global version \"15\""}}
[debug] [2021-12-08T17:09:56.854Z] defaultcredentials: writing to file C:\Users\INUWA\AppData\Roaming\firebase\muhammadjasmum16_gmail_com_application_default_credentials.json
[debug] [2021-12-08T17:09:56.858Z] Setting GAC to C:\Users\INUWA\AppData\Roaming\firebase\muhammadjasmum16_gmail_com_application_default_credentials.json {"metadata":{"emulator":{"name":"functions"},"message":"Setting GAC to C:\\Users\\INUWA\\AppData\\Roaming\\firebase\\muhammadjasmum16_gmail_com_application_default_credentials.json"}}
[debug] [2021-12-08T17:09:56.861Z] > refreshing access token with scopes: []
[debug] [2021-12-08T17:09:56.862Z] >>> HTTP REQUEST POST https://www.googleapis.com/oauth2/v3/token  
 <request body omitted>
[debug] [2021-12-08T17:09:58.096Z] <<< [apiv2][status] GET https://firebase-public.firebaseio.com/cli.json 200
[debug] [2021-12-08T17:09:58.097Z] <<< [apiv2][body] GET https://firebase-public.firebaseio.com/cli.json {"cloudBuildErrorAfter":1594252800000,"cloudBuildWarnAfter":1590019200000,"defaultNode10After":1594252800000,"minVersion":"3.0.5","node8DeploysDisabledAfter":1613390400000,"node8RuntimeDisabledAfter":1615809600000,"node8WarnAfter":1600128000000}
[debug] [2021-12-08T17:10:18.015Z] Failed to get Admin SDK config for clone-46ee7, falling back to cache Failed to get Admin SDK for Firebase project clone-46ee7. Please make sure the project exists and your account has permission to access it. {"name":"FirebaseError","children":[],"exit":2,"message":"Failed to get Admin SDK for Firebase project clone-46ee7. Please make sure the project exists and your account has permission to access it.","original":{"name":"FirebaseError","children":[],"exit":1,"message":"Authentication Error: Your credentials are no longer valid. Please run \u001b[1mfirebase login --reauth\u001b[22m\n\nFor CI servers and headless environments, generate a new token with \u001b[1mfirebase login:ci\u001b[22m","status":500},"status":500}
[debug] [2021-12-08T17:10:18.028Z] > refreshing access token with scopes: []
[debug] [2021-12-08T17:10:18.028Z] >>> HTTP REQUEST POST https://www.googleapis.com/oauth2/v3/token  
 <request body omitted>
[debug] [2021-12-08T17:10:18.832Z] <<< HTTP RESPONSE 200 {"expires":"Mon, 01 Jan 1990 00:00:00 GMT","pragma":"no-cache","date":"Wed, 08 Dec 2021 17:10:21 GMT","cache-control":"no-cache, no-store, max-age=0, must-revalidate","content-type":"application/json; charset=utf-8","vary":"X-Origin, Referer, Origin,Accept-Encoding","server":"scaffolding on HTTPServer2","x-xss-protection":"0","x-frame-options":"SAMEORIGIN","x-content-type-options":"nosniff","alt-svc":"h3=\":443\"; ma=2592000,h3-29=\":443\"; ma=2592000,h3-Q050=\":443\"; ma=2592000,h3-Q046=\":443\"; ma=2592000,h3-Q043=\":443\"; ma=2592000,quic=\":443\"; ma=2592000; v=\"46,43\"","accept-ranges":"none","transfer-encoding":"chunked"}
[debug] [2021-12-08T17:10:18.921Z] >>> [apiv2][query] GET https://firebasehosting.googleapis.com/v1beta1/projects/clone-46ee7/sites 
[debug] [2021-12-08T17:10:21.206Z] <<< [apiv2][status] GET https://firebasehosting.googleapis.com/v1beta1/projects/clone-46ee7/sites 200
[debug] [2021-12-08T17:10:21.206Z] <<< [apiv2][body] GET https://firebasehosting.googleapis.com/v1beta1/projects/clone-46ee7/sites {"sites":[{"name":"projects/433164150530/sites/clone-46ee7","defaultUrl":"https://clone-46ee7.web.app","appId":"1:433164150530:web:17a4f5e34337c42e20841b","type":"DEFAULT_SITE"}]}
[debug] [2021-12-08T17:10:21.207Z] >>> [apiv2][query] GET https://firebase.googleapis.com/v1beta1/projects/clone-46ee7/webApps/1:433164150530:web:17a4f5e34337c42e20841b/config [none]
[debug] [2021-12-08T17:10:22.780Z] <<< [apiv2][status] GET https://firebase.googleapis.com/v1beta1/projects/clone-46ee7/webApps/1:433164150530:web:17a4f5e34337c42e20841b/config 200
[debug] [2021-12-08T17:10:22.780Z] <<< [apiv2][body] GET https://firebase.googleapis.com/v1beta1/projects/clone-46ee7/webApps/1:433164150530:web:17a4f5e34337c42e20841b/config {"projectId":"clone-46ee7","appId":"1:433164150530:web:17a4f5e34337c42e20841b","storageBucket":"clone-46ee7.appspot.com","locationId":"us-central","apiKey":"AIzaSyC5WE070VQ7rXXgPw5YlD1fURsuWmINv8g","authDomain":"clone-46ee7.firebaseapp.com","messagingSenderId":"433164150530","measurementId":"G-56JMGVC1Q5"}
[info] i  hosting: Serving hosting files from: build {"metadata":{"emulator":{"name":"hosting"},"message":"Serving hosting files from: \u001b[1mbuild\u001b[22m"}}
[info] +  hosting: Local server: http://localhost:5000 {"metadata":{"emulator":{"name":"hosting"},"message":"Local server: \u001b[4m\u001b[1mhttp://localhost:5000\u001b[22m\u001b[24m"}}
[debug] [2021-12-08T17:10:23.086Z] Ignoring unsupported arg: auto_download {"metadata":{"emulator":{"name":"ui"},"message":"Ignoring unsupported arg: auto_download"}}
[debug] [2021-12-08T17:10:23.087Z] Ignoring unsupported arg: port {"metadata":{"emulator":{"name":"ui"},"message":"Ignoring unsupported arg: port"}}
[debug] [2021-12-08T17:10:23.087Z] Starting Emulator UI with command {"binary":"node","args":["C:\\Users\\INUWA\\.cache\\firebase\\emulators\\ui-v1.6.4\\server.bundle.js"],"optionalArgs":[],"joinArgs":false} {"metadata":{"emulator":{"name":"ui"},"message":"Starting Emulator UI with command {\"binary\":\"node\",\"args\":[\"C:\\\\Users\\\\INUWA\\\\.cache\\\\firebase\\\\emulators\\\\ui-v1.6.4\\\\server.bundle.js\"],\"optionalArgs\":[],\"joinArgs\":false}"}}
[info] i  ui: Emulator UI logging to ui-debug.log {"metadata":{"emulator":{"name":"ui"},"message":"Emulator UI logging to \u001b[1mui-debug.log\u001b[22m"}}
[debug] [2021-12-08T17:10:23.368Z] Web / API server started at localhost:4000
 {"metadata":{"emulator":{"name":"ui"},"message":"Web / API server started at localhost:4000\n"}}
[info] i  functions: Watching "C:\Users\INUWA\Desktop\amazonclone\amazonclone\functions" for Cloud Functions... {"metadata":{"emulator":{"name":"functions"},"message":"Watching \"C:\\Users\\INUWA\\Desktop\\amazonclone\\amazonclone\\functions\" for Cloud Functions..."}}
[debug] [2021-12-08T17:10:23.738Z] [worker-pool] addWorker(~diagnostic~) {"metadata":{"emulator":{"name":"functions"},"message":"[worker-pool] addWorker(~diagnostic~)"}}
[debug] [2021-12-08T17:10:23.739Z] [worker-pool] Adding worker with key ~diagnostic~, total=1 {"metadata":{"emulator":{"name":"functions"},"message":"[worker-pool] Adding worker with key ~diagnostic~, total=1"}}
[debug] [2021-12-08T17:10:23.740Z] [worker-pool] submitWork(triggerId=) {"metadata":{"emulator":{"name":"functions"},"message":"[worker-pool] submitWork(triggerId=)"}}
[debug] [2021-12-08T17:10:23.741Z] [worker-~diagnostic~-c968f7aa-9d56-4769-84c8-cf7a3f42952f]: Assigning socketPath: \\?\pipe\C:\Users\INUWA\Desktop\amazonclone\amazonclone\functions\10876 {"metadata":{"emulator":{"name":"functions"},"message":"[worker-~diagnostic~-c968f7aa-9d56-4769-84c8-cf7a3f42952f]: Assigning socketPath: \\\\?\\pipe\\C:\\Users\\INUWA\\Desktop\\amazonclone\\amazonclone\\functions\\10876"}}
[debug] [2021-12-08T17:10:23.741Z] [worker-~diagnostic~-c968f7aa-9d56-4769-84c8-cf7a3f42952f]: BUSY {"metadata":{"emulator":{"name":"functions"},"message":"[worker-~diagnostic~-c968f7aa-9d56-4769-84c8-cf7a3f42952f]: BUSY"}}
[debug] [2021-12-08T17:10:24.098Z] [runtime-status] [10876] Functions runtime initialized. {"cwd":"C:\\Users\\INUWA\\Desktop\\amazonclone\\amazonclone\\functions","node_version":"15.8.0"} {"metadata":{"emulator":{"name":"functions"},"message":"[runtime-status] [10876] Functions runtime initialized. {\"cwd\":\"C:\\\\Users\\\\INUWA\\\\Desktop\\\\amazonclone\\\\amazonclone\\\\functions\",\"node_version\":\"15.8.0\"}"}}
[debug] [2021-12-08T17:10:24.099Z] [runtime-status] [10876] Disabled runtime features: undefined {"metadata":{"emulator":{"name":"functions"},"message":"[runtime-status] [10876] Disabled runtime features: undefined"}}
[debug] [2021-12-08T17:10:24.151Z] [runtime-status] [10876] Resolved module firebase-admin {"declared":true,"installed":true,"version":"9.12.0","resolution":"C:\\Users\\INUWA\\Desktop\\amazonclone\\amazonclone\\functions\\node_modules\\firebase-admin\\lib\\index.js"} {"metadata":{"emulator":{"name":"functions"},"message":"[runtime-status] [10876] Resolved module firebase-admin {\"declared\":true,\"installed\":true,\"version\":\"9.12.0\",\"resolution\":\"C:\\\\Users\\\\INUWA\\\\Desktop\\\\amazonclone\\\\amazonclone\\\\functions\\\\node_modules\\\\firebase-admin\\\\lib\\\\index.js\"}"}}
[debug] [2021-12-08T17:10:24.187Z] [runtime-status] [10876] Resolved module firebase-functions {"declared":true,"installed":true,"version":"3.16.0","resolution":"C:\\Users\\INUWA\\Desktop\\amazonclone\\amazonclone\\functions\\node_modules\\firebase-functions\\lib\\index.js"} {"metadata":{"emulator":{"name":"functions"},"message":"[runtime-status] [10876] Resolved module firebase-functions {\"declared\":true,\"installed\":true,\"version\":\"3.16.0\",\"resolution\":\"C:\\\\Users\\\\INUWA\\\\Desktop\\\\amazonclone\\\\amazonclone\\\\functions\\\\node_modules\\\\firebase-functions\\\\lib\\\\index.js\"}"}}
[debug] [2021-12-08T17:10:24.191Z] [runtime-status] [10876] Outgoing network have been stubbed. [{"name":"http","status":"mocked"},{"name":"http","status":"mocked"},{"name":"https","status":"mocked"},{"name":"https","status":"mocked"},{"name":"net","status":"mocked"}] {"metadata":{"emulator":{"name":"functions"},"message":"[runtime-status] [10876] Outgoing network have been stubbed. [{\"name\":\"http\",\"status\":\"mocked\"},{\"name\":\"http\",\"status\":\"mocked\"},{\"name\":\"https\",\"status\":\"mocked\"},{\"name\":\"https\",\"status\":\"mocked\"},{\"name\":\"net\",\"status\":\"mocked\"}]"}}
[debug] [2021-12-08T17:10:24.194Z] [runtime-status] [10876] Resolved module firebase-functions {"declared":true,"installed":true,"version":"3.16.0","resolution":"C:\\Users\\INUWA\\Desktop\\amazonclone\\amazonclone\\functions\\node_modules\\firebase-functions\\lib\\index.js"} {"metadata":{"emulator":{"name":"functions"},"message":"[runtime-status] [10876] Resolved module firebase-functions {\"declared\":true,\"installed\":true,\"version\":\"3.16.0\",\"resolution\":\"C:\\\\Users\\\\INUWA\\\\Desktop\\\\amazonclone\\\\amazonclone\\\\functions\\\\node_modules\\\\firebase-functions\\\\lib\\\\index.js\"}"}}
[debug] [2021-12-08T17:10:25.195Z] [runtime-status] [10876] Checked functions.config() {"config":{}} {"metadata":{"emulator":{"name":"functions"},"message":"[runtime-status] [10876] Checked functions.config() {\"config\":{}}"}}
[debug] [2021-12-08T17:10:25.196Z] [runtime-status] [10876] firebase-functions has been stubbed. {"functionsResolution":{"declared":true,"installed":true,"version":"3.16.0","resolution":"C:\\Users\\INUWA\\Desktop\\amazonclone\\amazonclone\\functions\\node_modules\\firebase-functions\\lib\\index.js"}} {"metadata":{"emulator":{"name":"functions"},"message":"[runtime-status] [10876] firebase-functions has been stubbed. {\"functionsResolution\":{\"declared\":true,\"installed\":true,\"version\":\"3.16.0\",\"resolution\":\"C:\\\\Users\\\\INUWA\\\\Desktop\\\\amazonclone\\\\amazonclone\\\\functions\\\\node_modules\\\\firebase-functions\\\\lib\\\\index.js\"}}"}}
[debug] [2021-12-08T17:10:25.198Z] [runtime-status] [10876] Resolved module firebase-functions {"declared":true,"installed":true,"version":"3.16.0","resolution":"C:\\Users\\INUWA\\Desktop\\amazonclone\\amazonclone\\functions\\node_modules\\firebase-functions\\lib\\index.js"} {"metadata":{"emulator":{"name":"functions"},"message":"[runtime-status] [10876] Resolved module firebase-functions {\"declared\":true,\"installed\":true,\"version\":\"3.16.0\",\"resolution\":\"C:\\\\Users\\\\INUWA\\\\Desktop\\\\amazonclone\\\\amazonclone\\\\functions\\\\node_modules\\\\firebase-functions\\\\lib\\\\index.js\"}"}}
[debug] [2021-12-08T17:10:25.201Z] [runtime-status] [10876] Resolved module firebase-admin {"declared":true,"installed":true,"version":"9.12.0","resolution":"C:\\Users\\INUWA\\Desktop\\amazonclone\\amazonclone\\functions\\node_modules\\firebase-admin\\lib\\index.js"} {"metadata":{"emulator":{"name":"functions"},"message":"[runtime-status] [10876] Resolved module firebase-admin {\"declared\":true,\"installed\":true,\"version\":\"9.12.0\",\"resolution\":\"C:\\\\Users\\\\INUWA\\\\Desktop\\\\amazonclone\\\\amazonclone\\\\functions\\\\node_modules\\\\firebase-admin\\\\lib\\\\index.js\"}"}}
[debug] [2021-12-08T17:10:25.203Z] [runtime-status] [10876] Resolved module firebase-functions {"declared":true,"installed":true,"version":"3.16.0","resolution":"C:\\Users\\INUWA\\Desktop\\amazonclone\\amazonclone\\functions\\node_modules\\firebase-functions\\lib\\index.js"} {"metadata":{"emulator":{"name":"functions"},"message":"[runtime-status] [10876] Resolved module firebase-functions {\"declared\":true,\"installed\":true,\"version\":\"3.16.0\",\"resolution\":\"C:\\\\Users\\\\INUWA\\\\Desktop\\\\amazonclone\\\\amazonclone\\\\functions\\\\node_modules\\\\firebase-functions\\\\lib\\\\index.js\"}"}}
[debug] [2021-12-08T17:10:25.204Z] [runtime-status] [10876] firebase-admin has been stubbed. {"adminResolution":{"declared":true,"installed":true,"version":"9.12.0","resolution":"C:\\Users\\INUWA\\Desktop\\amazonclone\\amazonclone\\functions\\node_modules\\firebase-admin\\lib\\index.js"}} {"metadata":{"emulator":{"name":"functions"},"message":"[runtime-status] [10876] firebase-admin has been stubbed. {\"adminResolution\":{\"declared\":true,\"installed\":true,\"version\":\"9.12.0\",\"resolution\":\"C:\\\\Users\\\\INUWA\\\\Desktop\\\\amazonclone\\\\amazonclone\\\\functions\\\\node_modules\\\\firebase-admin\\\\lib\\\\index.js\"}}"}}
[info] +  functions[us-central1-api]: http function initialized (http://localhost:5001/clone-46ee7/us-central1/api). {"metadata":{"emulator":{"name":"functions"},"message":"\u001b[1mhttp\u001b[22m function initialized (http://localhost:5001/clone-46ee7/us-central1/api)."}}
[info] 
┌─────────────────────────────────────────────────────────────┐
│ ✔  All emulators ready! It is now safe to connect your app. │
│ i  View Emulator UI at http://localhost:4000                │
└─────────────────────────────────────────────────────────────┘

┌───────────┬────────────────┬─────────────────────────────────┐
│ Emulator  │ Host:Port      │ View in Emulator UI             │
├───────────┼────────────────┼─────────────────────────────────┤
│ Functions │ localhost:5001 │ http://localhost:4000/functions │
├───────────┼────────────────┼─────────────────────────────────┤
│ Hosting   │ localhost:5000 │ n/a                             │
└───────────┴────────────────┴─────────────────────────────────┘
  Emulator Hub running at localhost:4400
  Other reserved ports: 4500

Issues? Report them at https://github.com/firebase/firebase-tools/issues and attach the *-debug.log files.
 
[debug] [2021-12-08T17:10:28.330Z] [worker-~diagnostic~-c968f7aa-9d56-4769-84c8-cf7a3f42952f]: IDLE {"metadata":{"emulator":{"name":"functions"},"message":"[worker-~diagnostic~-c968f7aa-9d56-4769-84c8-cf7a3f42952f]: IDLE"}}
[debug] [2021-12-08T18:07:29.408Z] [work-queue] {"queueLength":1,"workRunningCount":0}
[debug] [2021-12-08T18:07:29.414Z] [work-queue] {"queueLength":0,"workRunningCount":1}
[debug] [2021-12-08T18:07:29.417Z] Accepted request POST /clone-46ee7/us-central1/api/payments/create?total=23900 --> us-central1-api
[debug] [2021-12-08T18:07:29.456Z] [worker-pool] addWorker(us-central1-api) {"metadata":{"emulator":{"name":"functions"},"message":"[worker-pool] addWorker(us-central1-api)"}}
[debug] [2021-12-08T18:07:29.456Z] [worker-pool] Adding worker with key us-central1-api, total=1 {"metadata":{"emulator":{"name":"functions"},"message":"[worker-pool] Adding worker with key us-central1-api, total=1"}}
[debug] [2021-12-08T18:07:29.457Z] [worker-pool] submitWork(triggerId=us-central1-api) {"metadata":{"emulator":{"name":"functions"},"message":"[worker-pool] submitWork(triggerId=us-central1-api)"}}
[debug] [2021-12-08T18:07:29.457Z] [worker-us-central1-api-031c1889-87b7-4032-8106-6dc3e3418d05]: Assigning socketPath: \\?\pipe\C:\Users\INUWA\Desktop\amazonclone\amazonclone\functions\4088 {"metadata":{"emulator":{"name":"functions"},"message":"[worker-us-central1-api-031c1889-87b7-4032-8106-6dc3e3418d05]: Assigning socketPath: \\\\?\\pipe\\C:\\Users\\INUWA\\Desktop\\amazonclone\\amazonclone\\functions\\4088"}}
[debug] [2021-12-08T18:07:29.458Z] [worker-us-central1-api-031c1889-87b7-4032-8106-6dc3e3418d05]: BUSY {"metadata":{"emulator":{"name":"functions"},"message":"[worker-us-central1-api-031c1889-87b7-4032-8106-6dc3e3418d05]: BUSY"}}
[debug] [2021-12-08T18:07:29.916Z] [runtime-status] [4088] Functions runtime initialized. {"cwd":"C:\\Users\\INUWA\\Desktop\\amazonclone\\amazonclone\\functions","node_version":"15.8.0"} {"metadata":{"emulator":{"name":"functions"},"function":{"name":"us-central1-api"},"message":"[runtime-status] [4088] Functions runtime initialized. {\"cwd\":\"C:\\\\Users\\\\INUWA\\\\Desktop\\\\amazonclone\\\\amazonclone\\\\functions\",\"node_version\":\"15.8.0\"}"}}
[debug] [2021-12-08T18:07:29.918Z] [runtime-status] [4088] Disabled runtime features: undefined {"metadata":{"emulator":{"name":"functions"},"function":{"name":"us-central1-api"},"message":"[runtime-status] [4088] Disabled runtime features: undefined"}}
[debug] [2021-12-08T18:07:29.925Z] [runtime-status] [4088] Resolved module firebase-admin {"declared":true,"installed":true,"version":"9.12.0","resolution":"C:\\Users\\INUWA\\Desktop\\amazonclone\\amazonclone\\functions\\node_modules\\firebase-admin\\lib\\index.js"} {"metadata":{"emulator":{"name":"functions"},"function":{"name":"us-central1-api"},"message":"[runtime-status] [4088] Resolved module firebase-admin {\"declared\":true,\"installed\":true,\"version\":\"9.12.0\",\"resolution\":\"C:\\\\Users\\\\INUWA\\\\Desktop\\\\amazonclone\\\\amazonclone\\\\functions\\\\node_modules\\\\firebase-admin\\\\lib\\\\index.js\"}"}}
[debug] [2021-12-08T18:07:29.930Z] [runtime-status] [4088] Resolved module firebase-functions {"declared":true,"installed":true,"version":"3.16.0","resolution":"C:\\Users\\INUWA\\Desktop\\amazonclone\\amazonclone\\functions\\node_modules\\firebase-functions\\lib\\index.js"} {"metadata":{"emulator":{"name":"functions"},"function":{"name":"us-central1-api"},"message":"[runtime-status] [4088] Resolved module firebase-functions {\"declared\":true,\"installed\":true,\"version\":\"3.16.0\",\"resolution\":\"C:\\\\Users\\\\INUWA\\\\Desktop\\\\amazonclone\\\\amazonclone\\\\functions\\\\node_modules\\\\firebase-functions\\\\lib\\\\index.js\"}"}}
[debug] [2021-12-08T18:07:29.935Z] [runtime-status] [4088] Outgoing network have been stubbed. [{"name":"http","status":"mocked"},{"name":"http","status":"mocked"},{"name":"https","status":"mocked"},{"name":"https","status":"mocked"},{"name":"net","status":"mocked"}] {"metadata":{"emulator":{"name":"functions"},"function":{"name":"us-central1-api"},"message":"[runtime-status] [4088] Outgoing network have been stubbed. [{\"name\":\"http\",\"status\":\"mocked\"},{\"name\":\"http\",\"status\":\"mocked\"},{\"name\":\"https\",\"status\":\"mocked\"},{\"name\":\"https\",\"status\":\"mocked\"},{\"name\":\"net\",\"status\":\"mocked\"}]"}}
[debug] [2021-12-08T18:07:29.938Z] [runtime-status] [4088] Resolved module firebase-functions {"declared":true,"installed":true,"version":"3.16.0","resolution":"C:\\Users\\INUWA\\Desktop\\amazonclone\\amazonclone\\functions\\node_modules\\firebase-functions\\lib\\index.js"} {"metadata":{"emulator":{"name":"functions"},"function":{"name":"us-central1-api"},"message":"[runtime-status] [4088] Resolved module firebase-functions {\"declared\":true,\"installed\":true,\"version\":\"3.16.0\",\"resolution\":\"C:\\\\Users\\\\INUWA\\\\Desktop\\\\amazonclone\\\\amazonclone\\\\functions\\\\node_modules\\\\firebase-functions\\\\lib\\\\index.js\"}"}}
[debug] [2021-12-08T18:07:30.051Z] [runtime-status] [4088] Checked functions.config() {"config":{}} {"metadata":{"emulator":{"name":"functions"},"function":{"name":"us-central1-api"},"message":"[runtime-status] [4088] Checked functions.config() {\"config\":{}}"}}
[debug] [2021-12-08T18:07:30.052Z] [runtime-status] [4088] firebase-functions has been stubbed. {"functionsResolution":{"declared":true,"installed":true,"version":"3.16.0","resolution":"C:\\Users\\INUWA\\Desktop\\amazonclone\\amazonclone\\functions\\node_modules\\firebase-functions\\lib\\index.js"}} {"metadata":{"emulator":{"name":"functions"},"function":{"name":"us-central1-api"},"message":"[runtime-status] [4088] firebase-functions has been stubbed. {\"functionsResolution\":{\"declared\":true,\"installed\":true,\"version\":\"3.16.0\",\"resolution\":\"C:\\\\Users\\\\INUWA\\\\Desktop\\\\amazonclone\\\\amazonclone\\\\functions\\\\node_modules\\\\firebase-functions\\\\lib\\\\index.js\"}}"}}
[debug] [2021-12-08T18:07:30.055Z] [runtime-status] [4088] Resolved module firebase-functions {"declared":true,"installed":true,"version":"3.16.0","resolution":"C:\\Users\\INUWA\\Desktop\\amazonclone\\amazonclone\\functions\\node_modules\\firebase-functions\\lib\\index.js"} {"metadata":{"emulator":{"name":"functions"},"function":{"name":"us-central1-api"},"message":"[runtime-status] [4088] Resolved module firebase-functions {\"declared\":true,\"installed\":true,\"version\":\"3.16.0\",\"resolution\":\"C:\\\\Users\\\\INUWA\\\\Desktop\\\\amazonclone\\\\amazonclone\\\\functions\\\\node_modules\\\\firebase-functions\\\\lib\\\\index.js\"}"}}
[debug] [2021-12-08T18:07:30.057Z] [runtime-status] [4088] Resolved module firebase-admin {"declared":true,"installed":true,"version":"9.12.0","resolution":"C:\\Users\\INUWA\\Desktop\\amazonclone\\amazonclone\\functions\\node_modules\\firebase-admin\\lib\\index.js"} {"metadata":{"emulator":{"name":"functions"},"function":{"name":"us-central1-api"},"message":"[runtime-status] [4088] Resolved module firebase-admin {\"declared\":true,\"installed\":true,\"version\":\"9.12.0\",\"resolution\":\"C:\\\\Users\\\\INUWA\\\\Desktop\\\\amazonclone\\\\amazonclone\\\\functions\\\\node_modules\\\\firebase-admin\\\\lib\\\\index.js\"}"}}
[debug] [2021-12-08T18:07:30.059Z] [runtime-status] [4088] Resolved module firebase-functions {"declared":true,"installed":true,"version":"3.16.0","resolution":"C:\\Users\\INUWA\\Desktop\\amazonclone\\amazonclone\\functions\\node_modules\\firebase-functions\\lib\\index.js"} {"metadata":{"emulator":{"name":"functions"},"function":{"name":"us-central1-api"},"message":"[runtime-status] [4088] Resolved module firebase-functions {\"declared\":true,\"installed\":true,\"version\":\"3.16.0\",\"resolution\":\"C:\\\\Users\\\\INUWA\\\\Desktop\\\\amazonclone\\\\amazonclone\\\\functions\\\\node_modules\\\\firebase-functions\\\\lib\\\\index.js\"}"}}
[debug] [2021-12-08T18:07:30.059Z] [runtime-status] [4088] firebase-admin has been stubbed. {"adminResolution":{"declared":true,"installed":true,"version":"9.12.0","resolution":"C:\\Users\\INUWA\\Desktop\\amazonclone\\amazonclone\\functions\\node_modules\\firebase-admin\\lib\\index.js"}} {"metadata":{"emulator":{"name":"functions"},"function":{"name":"us-central1-api"},"message":"[runtime-status] [4088] firebase-admin has been stubbed. {\"adminResolution\":{\"declared\":true,\"installed\":true,\"version\":\"9.12.0\",\"resolution\":\"C:\\\\Users\\\\INUWA\\\\Desktop\\\\amazonclone\\\\amazonclone\\\\functions\\\\node_modules\\\\firebase-admin\\\\lib\\\\index.js\"}}"}}
[debug] [2021-12-08T18:07:30.443Z] [runtime-status] [4088] Trigger "us-central1-api" has been found, beginning invocation! {"metadata":{"emulator":{"name":"functions"},"function":{"name":"us-central1-api"},"message":"[runtime-status] [4088] Trigger \"us-central1-api\" has been found, beginning invocation!"}}
[info] i  functions: Beginning execution of "us-central1-api" {"metadata":{"emulator":{"name":"functions"},"function":{"name":"us-central1-api"},"message":"Beginning execution of \"us-central1-api\""}}
[debug] [2021-12-08T18:07:30.449Z] [runtime-status] [4088] triggerDefinition {"httpsTrigger":{},"name":"api","entryPoint":"api","regions":["us-central1"],"region":"us-central1","id":"us-central1-api"} {"metadata":{"emulator":{"name":"functions"},"function":{"name":"us-central1-api"},"message":"[runtime-status] [4088] triggerDefinition {\"httpsTrigger\":{},\"name\":\"api\",\"entryPoint\":\"api\",\"regions\":[\"us-central1\"],\"region\":\"us-central1\",\"id\":\"us-central1-api\"}"}}
[debug] [2021-12-08T18:07:30.449Z] [runtime-status] [4088] Running us-central1-api in signature http {"metadata":{"emulator":{"name":"functions"},"function":{"name":"us-central1-api"},"message":"[runtime-status] [4088] Running us-central1-api in signature http"}}
[debug] [2021-12-08T18:07:30.452Z] [runtime-status] [4088] Attempting to listen to socketPath: \\?\pipe\C:\Users\INUWA\Desktop\amazonclone\amazonclone\functions\4088 {"metadata":{"emulator":{"name":"functions"},"function":{"name":"us-central1-api"},"message":"[runtime-status] [4088] Attempting to listen to socketPath: \\\\?\\pipe\\C:\\Users\\INUWA\\Desktop\\amazonclone\\amazonclone\\functions\\4088"}}
[debug] [2021-12-08T18:07:30.462Z] [functions] Runtime ready! Sending request! {"metadata":{"emulator":{"name":"functions"},"message":"[functions] Runtime ready! Sending request!"}}
[debug] [2021-12-08T18:07:30.464Z] [functions] Got req.url=/clone-46ee7/us-central1/api/payments/create?total=23900, mapping to path=/payments/create?total=23900 {"metadata":{"emulator":{"name":"functions"},"message":"[functions] Got req.url=/clone-46ee7/us-central1/api/payments/create?total=23900, mapping to path=/payments/create?total=23900"}}
[debug] [2021-12-08T18:07:30.488Z] [runtime-status] [4088] Ephemeral server handling POST request {"metadata":{"emulator":{"name":"functions"},"function":{"name":"us-central1-api"},"message":"[runtime-status] [4088] Ephemeral server handling POST request"}}
[info] >  Payment Request Recieved BOOM!!! for this amount >>> 23900 {"user":"Payment Request Recieved BOOM!!! for this amount >>> 23900","metadata":{"emulator":{"name":"functions"},"function":{"name":"us-central1-api"},"message":"\u001b[90m> \u001b[39m Payment Request Recieved BOOM!!! for this amount >>> 23900"}}
[debug] [2021-12-08T18:07:30.499Z] [runtime-status] [4088] Ephemeral server survived. {"metadata":{"emulator":{"name":"functions"},"function":{"name":"us-central1-api"},"message":"[runtime-status] [4088] Ephemeral server survived."}}
[info] >  C:\Users\INUWA\Desktop\amazonclone\amazonclone\functions\index.js:24 {"user":"C:\\Users\\INUWA\\Desktop\\amazonclone\\amazonclone\\functions\\index.js:24\r","metadata":{"emulator":{"name":"functions"},"function":{"name":"us-central1-api"},"message":"\u001b[90m> \u001b[39m C:\\Users\\INUWA\\Desktop\\amazonclone\\amazonclone\\functions\\index.js:24\r"}}
[info] >      const paymentIntent = await Stripe.paymentIntent.create({ {"user":"    const paymentIntent = await Stripe.paymentIntent.create({\r","metadata":{"emulator":{"name":"functions"},"function":{"name":"us-central1-api"},"message":"\u001b[90m> \u001b[39m     const paymentIntent = await Stripe.paymentIntent.create({\r"}}
[info] >                                                       ^ {"user":"                                                     ^\r","metadata":{"emulator":{"name":"functions"},"function":{"name":"us-central1-api"},"message":"\u001b[90m> \u001b[39m                                                      ^\r"}}
[info] >   {"user":"\r","metadata":{"emulator":{"name":"functions"},"function":{"name":"us-central1-api"},"message":"\u001b[90m> \u001b[39m \r"}}
[info] >  TypeError: Cannot read property 'create' of undefined {"user":"TypeError: Cannot read property 'create' of undefined\r","metadata":{"emulator":{"name":"functions"},"function":{"name":"us-central1-api"},"message":"\u001b[90m> \u001b[39m TypeError: Cannot read property 'create' of undefined\r"}}
[info] >      at C:\Users\INUWA\Desktop\amazonclone\amazonclone\functions\index.js:24:54 {"user":"    at C:\\Users\\INUWA\\Desktop\\amazonclone\\amazonclone\\functions\\index.js:24:54\r","metadata":{"emulator":{"name":"functions"},"function":{"name":"us-central1-api"},"message":"\u001b[90m> \u001b[39m     at C:\\Users\\INUWA\\Desktop\\amazonclone\\amazonclone\\functions\\index.js:24:54\r"}}
[info] >      at Layer.handle [as handle_request] (C:\Users\INUWA\Desktop\amazonclone\amazonclone\functions\node_modules\express\lib\router\layer.js:95:5) {"user":"    at Layer.handle [as handle_request] (C:\\Users\\INUWA\\Desktop\\amazonclone\\amazonclone\\functions\\node_modules\\express\\lib\\router\\layer.js:95:5)\r","metadata":{"emulator":{"name":"functions"},"function":{"name":"us-central1-api"},"message":"\u001b[90m> \u001b[39m     at Layer.handle [as handle_request] (C:\\Users\\INUWA\\Desktop\\amazonclone\\amazonclone\\functions\\node_modules\\express\\lib\\router\\layer.js:95:5)\r"}}
[info] >      at next (C:\Users\INUWA\Desktop\amazonclone\amazonclone\functions\node_modules\express\lib\router\route.js:137:13) {"user":"    at next (C:\\Users\\INUWA\\Desktop\\amazonclone\\amazonclone\\functions\\node_modules\\express\\lib\\router\\route.js:137:13)\r","metadata":{"emulator":{"name":"functions"},"function":{"name":"us-central1-api"},"message":"\u001b[90m> \u001b[39m     at next (C:\\Users\\INUWA\\Desktop\\amazonclone\\amazonclone\\functions\\node_modules\\express\\lib\\router\\route.js:137:13)\r"}}
[info] >      at Route.dispatch (C:\Users\INUWA\Desktop\amazonclone\amazonclone\functions\node_modules\express\lib\router\route.js:112:3) {"user":"    at Route.dispatch (C:\\Users\\INUWA\\Desktop\\amazonclone\\amazonclone\\functions\\node_modules\\express\\lib\\router\\route.js:112:3)\r","metadata":{"emulator":{"name":"functions"},"function":{"name":"us-central1-api"},"message":"\u001b[90m> \u001b[39m     at Route.dispatch (C:\\Users\\INUWA\\Desktop\\amazonclone\\amazonclone\\functions\\node_modules\\express\\lib\\router\\route.js:112:3)\r"}}
[info] >      at Layer.handle [as handle_request] (C:\Users\INUWA\Desktop\amazonclone\amazonclone\functions\node_modules\express\lib\router\layer.js:95:5) {"user":"    at Layer.handle [as handle_request] (C:\\Users\\INUWA\\Desktop\\amazonclone\\amazonclone\\functions\\node_modules\\express\\lib\\router\\layer.js:95:5)\r","metadata":{"emulator":{"name":"functions"},"function":{"name":"us-central1-api"},"message":"\u001b[90m> \u001b[39m     at Layer.handle [as handle_request] (C:\\Users\\INUWA\\Desktop\\amazonclone\\amazonclone\\functions\\node_modules\\express\\lib\\router\\layer.js:95:5)\r"}}
[info] >      at C:\Users\INUWA\Desktop\amazonclone\amazonclone\functions\node_modules\express\lib\router\index.js:281:22 {"user":"    at C:\\Users\\INUWA\\Desktop\\amazonclone\\amazonclone\\functions\\node_modules\\express\\lib\\router\\index.js:281:22\r","metadata":{"emulator":{"name":"functions"},"function":{"name":"us-central1-api"},"message":"\u001b[90m> \u001b[39m     at C:\\Users\\INUWA\\Desktop\\amazonclone\\amazonclone\\functions\\node_modules\\express\\lib\\router\\index.js:281:22\r"}}
[info] >      at Function.process_params (C:\Users\INUWA\Desktop\amazonclone\amazonclone\functions\node_modules\express\lib\router\index.js:335:12) {"user":"    at Function.process_params (C:\\Users\\INUWA\\Desktop\\amazonclone\\amazonclone\\functions\\node_modules\\express\\lib\\router\\index.js:335:12)\r","metadata":{"emulator":{"name":"functions"},"function":{"name":"us-central1-api"},"message":"\u001b[90m> \u001b[39m     at Function.process_params (C:\\Users\\INUWA\\Desktop\\amazonclone\\amazonclone\\functions\\node_modules\\express\\lib\\router\\index.js:335:12)\r"}}
[info] >      at next (C:\Users\INUWA\Desktop\amazonclone\amazonclone\functions\node_modules\express\lib\router\index.js:275:10) {"user":"    at next (C:\\Users\\INUWA\\Desktop\\amazonclone\\amazonclone\\functions\\node_modules\\express\\lib\\router\\index.js:275:10)\r","metadata":{"emulator":{"name":"functions"},"function":{"name":"us-central1-api"},"message":"\u001b[90m> \u001b[39m     at next (C:\\Users\\INUWA\\Desktop\\amazonclone\\amazonclone\\functions\\node_modules\\express\\lib\\router\\index.js:275:10)\r"}}
[info] >      at jsonParser (C:\Users\INUWA\Desktop\amazonclone\amazonclone\functions\node_modules\body-parser\lib\types\json.js:119:7) {"user":"    at jsonParser (C:\\Users\\INUWA\\Desktop\\amazonclone\\amazonclone\\functions\\node_modules\\body-parser\\lib\\types\\json.js:119:7)\r","metadata":{"emulator":{"name":"functions"},"function":{"name":"us-central1-api"},"message":"\u001b[90m> \u001b[39m     at jsonParser (C:\\Users\\INUWA\\Desktop\\amazonclone\\amazonclone\\functions\\node_modules\\body-parser\\lib\\types\\json.js:119:7)\r"}}
[info] >      at Layer.handle [as handle_request] (C:\Users\INUWA\Desktop\amazonclone\amazonclone\functions\node_modules\express\lib\router\layer.js:95:5) {"user":"    at Layer.handle [as handle_request] (C:\\Users\\INUWA\\Desktop\\amazonclone\\amazonclone\\functions\\node_modules\\express\\lib\\router\\layer.js:95:5)\r","metadata":{"emulator":{"name":"functions"},"function":{"name":"us-central1-api"},"message":"\u001b[90m> \u001b[39m     at Layer.handle [as handle_request] (C:\\Users\\INUWA\\Desktop\\amazonclone\\amazonclone\\functions\\node_modules\\express\\lib\\router\\layer.js:95:5)\r"}}
[debug] [2021-12-08T18:07:30.630Z] [worker-us-central1-api-031c1889-87b7-4032-8106-6dc3e3418d05]: exited {"metadata":{"emulator":{"name":"functions"},"message":"[worker-us-central1-api-031c1889-87b7-4032-8106-6dc3e3418d05]: exited"}}
[debug] [2021-12-08T18:07:30.630Z] [worker-us-central1-api-031c1889-87b7-4032-8106-6dc3e3418d05]: FINISHED {"metadata":{"emulator":{"name":"functions"},"message":"[worker-us-central1-api-031c1889-87b7-4032-8106-6dc3e3418d05]: FINISHED"}}
[debug] [2021-12-08T18:07:30.631Z] [work-queue] {"queueLength":0,"workRunningCount":0}
